<?xml version="1.0" encoding="UTF-8"?>
<!-- Generated by org.testng.reporters.JUnitReportReporter -->
<testsuite name="TestNGClass" tests="1" time="7.525" ignored="0" failures="0" timestamp="13 Feb 2017 01:40:50 GMT" skipped="0" hostname="DESKTOP-15FCTK1" errors="0">
  <testcase name="appTest" time="7.525" classname="TestNGClass"/>
</testsuite> <!-- TestNGClass -->
